<?xml version="1.0" encoding="UTF-8"?>
<!-- Generated by org.testng.reporters.JUnitXMLReporter -->
<testsuite ignored="0" hostname="INDELWL00042" failures="0" tests="3" name="Test" time="25.093" errors="0" timestamp="2022-01-10T12:04:47 IST">
  <testcase classname="tests.DynamicDropdownTests" name="dynamicdropdownTest" time="7.608"/>
  <testcase classname="tests.PracticeTest" name="handleRadioButtonTest" time="8.885"/>
  <testcase classname="tests.StaticDropdownTests" name="staticDropdownTest" time="8.267"/>
</testsuite> <!-- Test -->
