<?xml version="1.0" encoding="UTF-8"?>
<!-- Generated by org.testng.reporters.JUnitXMLReporter -->
<testsuite ignored="0" hostname="Suhails-MacDoo.local" failures="0" tests="3" name="Test" time="20.127" errors="0" timestamp="2022-05-01T12:51:23 IST">
  <testcase classname="tests.StaticDropdownTests" name="staticDropdownTest" time="7.913"/>
  <testcase classname="tests.PracticeTest" name="handleRadioButtonTest" time="5.523"/>
  <testcase classname="tests.DynamicDropdownTests" name="dynamicdropdownTest" time="6.373"/>
</testsuite> <!-- Test -->
