<?xml version="1.0" encoding="UTF-8"?>
<testsuite xmlns:xsi="http://www.w3.org/2001/XMLSchema-instance" xsi:noNamespaceSchemaLocation="https://maven.apache.org/surefire/maven-surefire-plugin/xsd/surefire-test-report-3.0.xsd" version="3.0" name="tests.StaticDropdownTests" time="3.41" tests="2" errors="2" skipped="0" failures="0">
  <properties>
[...]
</properties>
  <testcase name="staticDropdownTest" classname="tests.StaticDropdownTests" time="3.389">
    <error message="Could not start a new session. Response code 500. Message: Could not start a new session. Could not start a new session. Error while creating session with the driver service. Stopping driver service: Could not start a new session. Response code 500. Message: unknown error: MSEdge failed to start: crashed.&#10;  (unknown error: DevToolsActivePort file doesn&apos;t exist)&#10;  (The process started from msedge location /usr/bin/microsoft-edge is no longer running, so MSEdgeDriver is assuming that MSEdge has crashed.)&#10;Build info: version: &apos;4.1.4&apos;, revision: &apos;535d840ee2&apos;&#10;System info: host: &apos;f504683238f0&apos;, ip: &apos;172.20.0.5&apos;, os.name: &apos;Linux&apos;, os.arch: &apos;amd64&apos;, os.version: &apos;5.10.104-linuxkit&apos;, java.version: &apos;11.0.15&apos;&#10;Driver info: driver.version: unknown&#10;Build info: version: &apos;4.1.4&apos;, revision: &apos;535d840ee2&apos;&#10;System info: host: &apos;f504683238f0&apos;, ip: &apos;172.20.0.5&apos;, os.name: &apos;Linux&apos;, os.arch: &apos;amd64&apos;, os.version: &apos;5.10.104-linuxkit&apos;, java.version: &apos;11.0.15&apos;&#10;Driver info: driver.version: unknown&#10;Build info: version: &apos;4.1.4&apos;, revision: &apos;535d840ee2&apos;&#10;System info: host: &apos;064603ff3239&apos;, ip: &apos;172.20.0.2&apos;, os.name: &apos;Linux&apos;, os.arch: &apos;amd64&apos;, os.version: &apos;5.10.104-linuxkit&apos;, java.version: &apos;11.0.15&apos;&#10;Driver info: driver.version: unknown&#10;Build info: version: &apos;4.0.0&apos;, revision: &apos;3a21814679&apos;&#10;System info: host: &apos;Suhails-MacDoo.local&apos;, ip: &apos;fe80:0:0:0:1c99:8a6d:af8a:763d%en0&apos;, os.name: &apos;Mac OS X&apos;, os.arch: &apos;x86_64&apos;, os.version: &apos;12.3.1&apos;, java.version: &apos;18&apos;&#10;Driver info: org.openqa.selenium.remote.RemoteWebDriver&#10;Command: [null, newSession {capabilities=[Capabilities {browserName: MicrosoftEdge, ms:edgeOptions: {args: [], extensions: []}}], desiredCapabilities=Capabilities {browserName: MicrosoftEdge, ms:edgeOptions: {args: [], extensions: []}}}]&#10;Capabilities {}" type="org.openqa.selenium.SessionNotCreatedException"><![CDATA[org.openqa.selenium.SessionNotCreatedException: 
Could not start a new session. Response code 500. Message: Could not start a new session. Could not start a new session. Error while creating session with the driver service. Stopping driver service: Could not start a new session. Response code 500. Message: unknown error: MSEdge failed to start: crashed.
  (unknown error: DevToolsActivePort file doesn't exist)
  (The process started from msedge location /usr/bin/microsoft-edge is no longer running, so MSEdgeDriver is assuming that MSEdge has crashed.)
Build info: version: '4.1.4', revision: '535d840ee2'
System info: host: 'f504683238f0', ip: '172.20.0.5', os.name: 'Linux', os.arch: 'amd64', os.version: '5.10.104-linuxkit', java.version: '11.0.15'
Driver info: driver.version: unknown
Build info: version: '4.1.4', revision: '535d840ee2'
System info: host: 'f504683238f0', ip: '172.20.0.5', os.name: 'Linux', os.arch: 'amd64', os.version: '5.10.104-linuxkit', java.version: '11.0.15'
Driver info: driver.version: unknown
Build info: version: '4.1.4', revision: '535d840ee2'
System info: host: '064603ff3239', ip: '172.20.0.2', os.name: 'Linux', os.arch: 'amd64', os.version: '5.10.104-linuxkit', java.version: '11.0.15'
Driver info: driver.version: unknown
Build info: version: '4.0.0', revision: '3a21814679'
System info: host: 'Suhails-MacDoo.local', ip: 'fe80:0:0:0:1c99:8a6d:af8a:763d%en0', os.name: 'Mac OS X', os.arch: 'x86_64', os.version: '12.3.1', java.version: '18'
Driver info: org.openqa.selenium.remote.RemoteWebDriver
Command: [null, newSession {capabilities=[Capabilities {browserName: MicrosoftEdge, ms:edgeOptions: {args: [], extensions: []}}], desiredCapabilities=Capabilities {browserName: MicrosoftEdge, ms:edgeOptions: {args: [], extensions: []}}}]
Capabilities {}
]]></error>
  </testcase>
  <testcase name="staticDropdownTest" classname="tests.StaticDropdownTests" time="3.391">
    <error message="Cannot invoke &quot;org.openqa.selenium.WebDriver.quit()&quot; because &quot;this.driver&quot; is null" type="java.lang.NullPointerException"><![CDATA[java.lang.NullPointerException: Cannot invoke "org.openqa.selenium.WebDriver.quit()" because "this.driver" is null
]]></error>
  </testcase>
</testsuite>