<?xml version="1.0" encoding="UTF-8"?>
<testng-results ignored="0" total="3" passed="3" failed="0" skipped="0">
  <reporter-output>
  </reporter-output>
  <suite started-at="2022-05-01T12:51:03 IST" name="Suite" finished-at="2022-05-01T12:51:23 IST" duration-ms="20127">
    <groups>
    </groups>
    <test started-at="2022-05-01T12:51:03 IST" name="Test" finished-at="2022-05-01T12:51:23 IST" duration-ms="20127">
      <class name="tests.PracticeTest">
        <test-method signature="handleRadioButtonTest()[pri:0, instance:tests.PracticeTest@316bcf94]" started-at="2022-05-01T12:51:11 IST" name="handleRadioButtonTest" finished-at="2022-05-01T12:51:16 IST" duration-ms="5523" status="PASS">
          <reporter-output>
          </reporter-output>
        </test-method> <!-- handleRadioButtonTest -->
        <test-method is-config="true" signature="quitBrowser()[pri:0, instance:tests.PracticeTest@316bcf94]" started-at="2022-05-01T12:51:16 IST" name="quitBrowser" finished-at="2022-05-01T12:51:16 IST" duration-ms="83" status="PASS">
          <reporter-output>
          </reporter-output>
        </test-method> <!-- quitBrowser -->
      </class> <!-- tests.PracticeTest -->
      <class name="tests.StaticDropdownTests">
        <test-method signature="staticDropdownTest()[pri:0, instance:tests.StaticDropdownTests@7fee8714]" started-at="2022-05-01T12:51:03 IST" name="staticDropdownTest" finished-at="2022-05-01T12:51:11 IST" duration-ms="7913" status="PASS">
          <reporter-output>
          </reporter-output>
        </test-method> <!-- staticDropdownTest -->
        <test-method is-config="true" signature="quitBrowser()[pri:0, instance:tests.StaticDropdownTests@7fee8714]" started-at="2022-05-01T12:51:11 IST" name="quitBrowser" finished-at="2022-05-01T12:51:11 IST" duration-ms="92" status="PASS">
          <reporter-output>
          </reporter-output>
        </test-method> <!-- quitBrowser -->
      </class> <!-- tests.StaticDropdownTests -->
      <class name="tests.DynamicDropdownTests">
        <test-method signature="dynamicdropdownTest()[pri:0, instance:tests.DynamicDropdownTests@6404f418]" started-at="2022-05-01T12:51:16 IST" name="dynamicdropdownTest" finished-at="2022-05-01T12:51:23 IST" duration-ms="6373" status="PASS">
          <reporter-output>
          </reporter-output>
        </test-method> <!-- dynamicdropdownTest -->
        <test-method is-config="true" signature="quitBrowser()[pri:0, instance:tests.DynamicDropdownTests@6404f418]" started-at="2022-05-01T12:51:23 IST" name="quitBrowser" finished-at="2022-05-01T12:51:23 IST" duration-ms="81" status="PASS">
          <reporter-output>
          </reporter-output>
        </test-method> <!-- quitBrowser -->
      </class> <!-- tests.DynamicDropdownTests -->
    </test> <!-- Test -->
  </suite> <!-- Suite -->
</testng-results>
